<?xml version="1.0" encoding="UTF-8"?>
<!-- Generated by org.testng.reporters.JUnitXMLReporter -->
<testsuite ignored="0" hostname="DESKTOP-6QCN0R3" failures="0" tests="3" name="day3" time="0.093" errors="0" timestamp="2021-05-11T19:34:00 IST">
  <testcase classname="day3.enabledconcept" name="enabledconcept3" time="0.013"/>
  <testcase classname="day3.enabledconcept" name="enabledconcept2" time="0.002"/>
  <testcase classname="day3.enabledconcept" name="enabledconcept1" time="0.002"/>
</testsuite> <!-- day3 -->
