<?xml version="1.0" encoding="UTF-8"?>
<!-- Generated by org.testng.reporters.JUnitXMLReporter -->
<testsuite ignored="6" hostname="DESKTOP-6QCN0R3" failures="0" tests="2" name="Day3" time="0.086" errors="0" timestamp="2021-05-11T20:24:58 IST">
  <testcase classname="day3.grouping1" name="applephone" time="0.013"/>
  <testcase classname="day3.grouping1" name="samsungphone" time="0.005"/>
  <testcase classname="day3.grouping1" name="boatheadset" time="0.0">
    <ignored/>
  </testcase> <!-- boatheadset -->
  <testcase classname="day3.grouping1" name="skullcandy" time="0.0">
    <ignored/>
  </testcase> <!-- skullcandy -->
  <testcase classname="day3.grouping1" name="grocery1" time="0.0">
    <ignored/>
  </testcase> <!-- grocery1 -->
  <testcase classname="day3.grouping1" name="grocery3" time="0.0">
    <ignored/>
  </testcase> <!-- grocery3 -->
  <testcase classname="day3.grouping1" name="grocery2" time="0.0">
    <ignored/>
  </testcase> <!-- grocery2 -->
  <testcase classname="day3.grouping1" name="jblheadset" time="0.0">
    <ignored/>
  </testcase> <!-- jblheadset -->
</testsuite> <!-- Day3 -->
