<?xml version="1.0" encoding="UTF-8"?>
<testng-results ignored="0" total="1" passed="1" failed="0" skipped="0">
  <reporter-output>
  </reporter-output>
  <suite started-at="2021-06-15T12:06:01Z" name="Default suite" finished-at="2021-06-15T12:06:17Z" duration-ms="16221">
    <groups>
    </groups>
    <test started-at="2021-06-15T12:06:01Z" name="Default test" finished-at="2021-06-15T12:06:17Z" duration-ms="16221">
      <class name="leafground.tables">
        <test-method signature="m1()[pri:0, instance:leafground.tables@3e6f3f28]" started-at="2021-06-15T12:06:01Z" name="m1" finished-at="2021-06-15T12:06:17Z" duration-ms="16169" status="PASS">
          <reporter-output>
          </reporter-output>
        </test-method> <!-- m1 -->
      </class> <!-- leafground.tables -->
    </test> <!-- Default test -->
  </suite> <!-- Default suite -->
</testng-results>
